共有12个点, 17条边
----- 第1次迭代: -----
三元闭包导致的新边:
[(6, 7), (8, 10)]
社团闭包导致的新边:
[]
会员闭包导致的新边:
[(11, 4), (12, 1)]
参加社团的情况为:
{1: '11,', 2: '11,12,', 3: '12,', 4: '12,', 5: '12,', 6: '11,', 7: '', 8: '', 9: '', 10: ''}
参加社团的情况为:
{1: 0.0, 2: 0.0, 3: 0, 4: 0.0, 5: 0, 6: 0.0, 7: 0.6666666666666666, 8: 0.6666666666666666, 9: 1.0, 10: 0.6666666666666666}

----- 第2次迭代: -----
三元闭包导致的新边:
[]
社团闭包导致的新边:
[(2, 4)]
会员闭包导致的新边:
[(11, 7)]
参加社团的情况为:
{1: '11,12,', 2: '11,12,', 3: '12,', 4: '11,12,', 5: '12,', 6: '11,', 7: '', 8: '', 9: '', 10: ''}
参加社团的情况为:
{1: 1.0, 2: 1.0, 3: 0, 4: 0.3333333333333333, 5: 0, 6: 0.0, 7: 0.5, 8: 0.75, 9: 1.0, 10: 0.75}

----- 第3次迭代: -----
三元闭包导致的新边:
[]
社团闭包导致的新边:
[]
会员闭包导致的新边:
[(11, 8), (11, 10)]
参加社团的情况为:
{1: '11,12,', 2: '11,12,', 3: '12,', 4: '11,12,', 5: '12,', 6: '11,', 7: '11,', 8: '', 9: '', 10: ''}
参加社团的情况为:
{1: 1.0, 2: 1.0, 3: 0, 4: 0.5, 5: 0, 6: 0.25, 7: 0.25, 8: 0.5, 9: 1.0, 10: 0.5}

----- 第4次迭代: -----
三元闭包导致的新边:
[]
社团闭包导致的新边:
[]
会员闭包导致的新边:
[(11, 9)]
参加社团的情况为:
{1: '11,12,', 2: '11,12,', 3: '12,', 4: '11,12,', 5: '12,', 6: '11,', 7: '11,', 8: '11,', 9: '', 10: '11,'}
参加社团的情况为:
{1: 1.0, 2: 1.0, 3: 0, 4: 0.5, 5: 0, 6: 0.75, 7: 0.75, 8: 0.75, 9: 0.0, 10: 0.75}

已经收敛，迭代结束